{
  "RSpec": {
    "coverage": {
      "/home/makinen/Projects/tkt-rails/hrmsystem/config/environment.rb": [
        null,
        1,
        null,
        null,
        1
      ],
      "/home/makinen/Projects/tkt-rails/hrmsystem/config/application.rb": [
        1,
        null,
        1,
        null,
        null,
        null,
        1,
        null,
        1,
        1,
        null,
        null,
        null,
        null,
        null,
        null,
        null,
        null,
        null,
        null,
        null,
        null,
        null
      ],
      "/home/makinen/Projects/tkt-rails/hrmsystem/config/boot.rb": [
        null,
        1,
        null,
        1
      ],
      "/home/makinen/Projects/tkt-rails/hrmsystem/config/environments/test.rb": [
        1,
        null,
        null,
        null,
        null,
        null,
        null,
        1,
        null,
        null,
        null,
        null,
        1,
        null,
        null,
        1,
        1,
        null,
        null,
        1,
        1,
        null,
        null,
        1,
        null,
        null,
        1,
        null,
        null,
        null,
        null,
        1,
        null,
        null,
        1,
        null
      ],
      "/home/makinen/Projects/tkt-rails/hrmsystem/config/initializers/backtrace_silencers.rb": [
        null,
        null,
        null,
        null,
        null,
        null,
        null
      ],
      "/home/makinen/Projects/tkt-rails/hrmsystem/config/initializers/filter_parameter_logging.rb": [
        null,
        null,
        null,
        1
      ],
      "/home/makinen/Projects/tkt-rails/hrmsystem/config/initializers/inflections.rb": [
        null,
        null,
        null,
        null,
        null,
        null,
        null,
        null,
        null,
        null,
        null,
        null,
        null,
        null,
        null,
        null
      ],
      "/home/makinen/Projects/tkt-rails/hrmsystem/config/initializers/mime_types.rb": [
        null,
        null,
        null,
        null,
        null
      ],
      "/home/makinen/Projects/tkt-rails/hrmsystem/config/initializers/secret_token.rb": [
        null,
        null,
        null,
        null,
        null,
        null,
        null,
        null,
        null,
        null,
        null,
        1
      ],
      "/home/makinen/Projects/tkt-rails/hrmsystem/config/initializers/session_store.rb": [
        null,
        null,
        1
      ],
      "/home/makinen/Projects/tkt-rails/hrmsystem/config/initializers/wrap_parameters.rb": [
        null,
        null,
        null,
        null,
        null,
        null,
        1,
        1,
        null,
        null,
        null,
        null,
        null,
        null
      ],
      "/home/makinen/Projects/tkt-rails/hrmsystem/spec/factories.rb": [
        1,
        1,
        1,
        1,
        1,
        null,
        null
      ],
      "/home/makinen/Projects/tkt-rails/hrmsystem/config/routes.rb": [
        1,
        1,
        null,
        1,
        null,
        1,
        null,
        1,
        null,
        1,
        null,
        1,
        null,
        1,
        null,
        1,
        null,
        1,
        1,
        null,
        1,
        1,
        null,
        null,
        null,
        null,
        null,
        null,
        null,
        null,
        null,
        null,
        null,
        null,
        null,
        null,
        null,
        null,
        null,
        null,
        null,
        null,
        null,
        null,
        null,
        null,
        null,
        null,
        null,
        null,
        null,
        null,
        null,
        null,
        null,
        null,
        null,
        null,
        null,
        null,
        null,
        null,
        null,
        null,
        null,
        null,
        null,
        null,
        null,
        null,
        null,
        null,
        null,
        null,
        null,
        null,
        null,
        null,
        null
      ],
      "/home/makinen/Projects/tkt-rails/hrmsystem/app/helpers/application_helper.rb": [
        1,
        null
      ],
      "/home/makinen/Projects/tkt-rails/hrmsystem/app/helpers/auth_helper.rb": [
        1,
        1,
        0,
        null,
        null,
        null,
        null,
        null,
        null,
        0,
        null,
        null
      ],
      "/home/makinen/Projects/tkt-rails/hrmsystem/app/helpers/employees_helper.rb": [
        1,
        null
      ],
      "/home/makinen/Projects/tkt-rails/hrmsystem/app/helpers/research_group_members_helper.rb": [
        1,
        null
      ],
      "/home/makinen/Projects/tkt-rails/hrmsystem/app/helpers/research_groups_helper.rb": [
        1,
        null
      ],
      "/home/makinen/Projects/tkt-rails/hrmsystem/app/helpers/rooms_helper.rb": [
        1,
        null
      ],
      "/home/makinen/Projects/tkt-rails/hrmsystem/app/helpers/users_helper.rb": [
        1,
        null
      ],
      "/home/makinen/Projects/tkt-rails/hrmsystem/app/models/user.rb": [
        1,
        1,
        null,
        1,
        1,
        1,
        1,
        1,
        null,
        null,
        1,
        0,
        null,
        null,
        null,
        1,
        15,
        null,
        null,
        1,
        145522,
        68354,
        77168,
        28667,
        null,
        48501,
        null,
        null,
        null,
        null,
        null
      ]
    },
    "timestamp": 1380466218
  }
}
